TN:
SF:src/coffeeCalculator.js
FN:2,coffeeCalculator
FN:12,oneCoffeeTaskList
FNF:2
FNH:2
FNDA:7,coffeeCalculator
FNDA:7,oneCoffeeTaskList
DA:3,7
DA:4,4
DA:5,3
DA:6,1
DA:8,2
DA:13,7
DA:14,4
DA:16,3
DA:21,1
LF:9
LH:9
BRDA:3,0,0,4
BRDA:3,0,1,3
BRDA:5,1,0,1
BRDA:5,1,1,2
BRDA:13,2,0,4
BRDA:13,2,1,3
BRF:6
BRH:6
end_of_record
TN:
SF:src/guessClass.js
FN:3,(anonymous_0)
FN:8,(anonymous_1)
FNF:2
FNH:1
FNDA:1,(anonymous_0)
FNDA:0,(anonymous_1)
DA:4,1
DA:5,1
DA:9,0
DA:10,0
DA:12,0
DA:13,0
DA:19,1
LF:7
LH:3
BRDA:9,0,0,0
BRDA:9,0,1,0
BRF:2
BRH:0
end_of_record
