TN:
SF:src/coffeeCalculator.js
FN:2,coffeeCalculator
FN:6,oneCoffeeTaskList
FN:8,(anonymous_2)
FN:16,twoCoffeeTaskList
FN:18,(anonymous_4)
FN:26,total
FNF:6
FNH:0
FNDA:0,coffeeCalculator
FNDA:0,oneCoffeeTaskList
FNDA:0,(anonymous_2)
FNDA:0,twoCoffeeTaskList
FNDA:0,(anonymous_4)
FNDA:0,total
DA:3,0
DA:7,0
DA:8,0
DA:9,0
DA:10,0
DA:13,0
DA:17,0
DA:18,0
DA:19,0
DA:20,0
DA:23,0
DA:27,0
DA:30,1
LF:13
LH:1
BRDA:3,0,0,0
BRDA:3,0,1,0
BRDA:9,1,0,0
BRDA:9,1,1,0
BRDA:19,2,0,0
BRDA:19,2,1,0
BRF:6
BRH:0
end_of_record
TN:
SF:src/formatMoney.js
FN:1,formatMoney
FNF:1
FNH:0
FNDA:0,formatMoney
DA:2,0
DA:5,1
LF:2
LH:1
BRF:0
BRH:0
end_of_record
TN:
SF:src/guessClass.js
FN:3,(anonymous_0)
FN:8,(anonymous_1)
FNF:2
FNH:1
FNDA:1,(anonymous_0)
FNDA:0,(anonymous_1)
DA:4,1
DA:5,1
DA:9,0
DA:10,0
DA:12,0
DA:13,0
DA:19,1
LF:7
LH:3
BRDA:9,0,0,0
BRDA:9,0,1,0
BRF:2
BRH:0
end_of_record
TN:
SF:src/plant.js
FN:3,plant
FN:12,tempCheck
FN:16,wrongTemp
FNF:3
FNH:0
FNDA:0,plant
FNDA:0,tempCheck
FNDA:0,wrongTemp
DA:1,1
DA:4,0
DA:5,0
DA:6,0
DA:8,0
DA:13,0
DA:17,0
DA:20,1
LF:8
LH:2
BRDA:4,0,0,0
BRDA:4,0,1,0
BRDA:13,1,0,0
BRDA:13,1,1,0
BRF:4
BRH:0
end_of_record
TN:
SF:src/pluck.js
FN:1,pluck
FN:2,(anonymous_1)
FNF:2
FNH:0
FNDA:0,pluck
FNDA:0,(anonymous_1)
DA:2,0
DA:5,1
LF:2
LH:1
BRF:0
BRH:0
end_of_record
TN:
SF:src/zipWith.js
FN:1,zipWith
FNF:1
FNH:0
FNDA:0,zipWith
DA:2,0
DA:5,1
LF:2
LH:1
BRF:0
BRH:0
end_of_record
